0 info it worked if it ends with ok
1 verbose cli [ '/usr/local/bin/node', '/usr/local/bin/npm', 'run', 'setup' ]
2 info using npm@3.10.10
3 info using node@v6.10.0
4 verbose run-script [ 'presetup', 'setup', 'postsetup' ]
5 info lifecycle postcodes.io@6.0.0~presetup: postcodes.io@6.0.0
6 silly lifecycle postcodes.io@6.0.0~presetup: no script for presetup, continuing
7 info lifecycle postcodes.io@6.0.0~setup: postcodes.io@6.0.0
8 verbose lifecycle postcodes.io@6.0.0~setup: unsafe-perm in lifecycle true
9 verbose lifecycle postcodes.io@6.0.0~setup: PATH: /usr/local/lib/node_modules/npm/bin/node-gyp-bin:/Users/david/projects/postcodes.io/node_modules/.bin:/Library/Frameworks/Python.framework/Versions/2.7/bin:/usr/local/var/rbenv/shims:/usr/local/var/rbenv/shims:/usr/local/bin:/usr/bin:/bin:/usr/sbin:/sbin:/opt/X11/bin:/usr/local/go/bin:/Library/TeX/texbin:/Users/david/bin:/Users/david/.rbenv/bin:/usr/bin:/usr/local/sbin:/usr/local/bin:/Users/david/terraform
10 verbose lifecycle postcodes.io@6.0.0~setup: CWD: /Users/david/projects/postcodes.io
11 silly lifecycle postcodes.io@6.0.0~setup: Args: [ '-c', './bin/setup.sh' ]
12 silly lifecycle postcodes.io@6.0.0~setup: Returned: code: 1  signal: null
13 info lifecycle postcodes.io@6.0.0~setup: Failed to exec setup script
14 verbose stack Error: postcodes.io@6.0.0 setup: `./bin/setup.sh`
14 verbose stack Exit status 1
14 verbose stack     at EventEmitter.<anonymous> (/usr/local/lib/node_modules/npm/lib/utils/lifecycle.js:255:16)
14 verbose stack     at emitTwo (events.js:106:13)
14 verbose stack     at EventEmitter.emit (events.js:191:7)
14 verbose stack     at ChildProcess.<anonymous> (/usr/local/lib/node_modules/npm/lib/utils/spawn.js:40:14)
14 verbose stack     at emitTwo (events.js:106:13)
14 verbose stack     at ChildProcess.emit (events.js:191:7)
14 verbose stack     at maybeClose (internal/child_process.js:877:16)
14 verbose stack     at Process.ChildProcess._handle.onexit (internal/child_process.js:226:5)
15 verbose pkgid postcodes.io@6.0.0
16 verbose cwd /Users/david/projects/postcodes.io
17 error Darwin 16.7.0
18 error argv "/usr/local/bin/node" "/usr/local/bin/npm" "run" "setup"
19 error node v6.10.0
20 error npm  v3.10.10
21 error code ELIFECYCLE
22 error postcodes.io@6.0.0 setup: `./bin/setup.sh`
22 error Exit status 1
23 error Failed at the postcodes.io@6.0.0 setup script './bin/setup.sh'.
23 error Make sure you have the latest version of node.js and npm installed.
23 error If you do, this is most likely a problem with the postcodes.io package,
23 error not with npm itself.
23 error Tell the author that this fails on your system:
23 error     ./bin/setup.sh
23 error You can get information on how to open an issue for this project with:
23 error     npm bugs postcodes.io
23 error Or if that isn't available, you can get their info via:
23 error     npm owner ls postcodes.io
23 error There is likely additional logging output above.
24 verbose exit [ 1, true ]
